0 info it worked if it ends with ok
1 verbose cli [ 'C:\\Program Files (x86)\\nodejs\\\\node.exe',
1 verbose cli   'C:\\Program Files (x86)\\nodejs\\node_modules\\npm\\bin\\npm-cli.js',
1 verbose cli   'install',
1 verbose cli   'bodyparser',
1 verbose cli   '--save' ]
2 info using npm@1.4.28
3 info using node@v0.10.35
4 verbose node symlink C:\Program Files (x86)\nodejs\\node.exe
5 warn package.json mongo@0.1.0 No repository field.
6 verbose readDependencies using package.json deps
7 verbose cache add [ 'bodyparser', null ]
8 verbose cache add name=undefined spec="bodyparser" args=["bodyparser",null]
9 verbose parsed url { protocol: null,
9 verbose parsed url   slashes: null,
9 verbose parsed url   auth: null,
9 verbose parsed url   host: null,
9 verbose parsed url   port: null,
9 verbose parsed url   hostname: null,
9 verbose parsed url   hash: null,
9 verbose parsed url   search: null,
9 verbose parsed url   query: null,
9 verbose parsed url   pathname: 'bodyparser',
9 verbose parsed url   path: 'bodyparser',
9 verbose parsed url   href: 'bodyparser' }
10 silly lockFile 981361c8-bodyparser bodyparser
11 verbose lock bodyparser C:\Users\yashdeeph709\AppData\Roaming\npm-cache\981361c8-bodyparser.lock
12 silly lockFile 981361c8-bodyparser bodyparser
13 silly lockFile 981361c8-bodyparser bodyparser
14 verbose addNamed [ 'bodyparser', '' ]
15 verbose addNamed [ null, '*' ]
16 silly lockFile 6c35f799-bodyparser bodyparser@
17 verbose lock bodyparser@ C:\Users\yashdeeph709\AppData\Roaming\npm-cache\6c35f799-bodyparser.lock
18 silly addNameRange { name: 'bodyparser', range: '*', hasData: false }
19 verbose request where is /bodyparser
20 verbose request registry https://registry.npmjs.org/
21 verbose request id 38104c465428bbca
22 verbose url raw /bodyparser
23 verbose url resolving [ 'https://registry.npmjs.org/', './bodyparser' ]
24 verbose url resolved https://registry.npmjs.org/bodyparser
25 verbose request where is https://registry.npmjs.org/bodyparser
26 info trying registry request attempt 1 at 11:37:31
27 http GET https://registry.npmjs.org/bodyparser
28 http 404 https://registry.npmjs.org/bodyparser
29 verbose headers { date: 'Sat, 11 Apr 2015 06:07:31 GMT',
29 verbose headers   server: 'CouchDB/1.5.0 (Erlang OTP/R16B03)',
29 verbose headers   'content-type': 'application/json',
29 verbose headers   'cache-control': 'max-age=0',
29 verbose headers   'content-length': '51',
29 verbose headers   'accept-ranges': 'bytes',
29 verbose headers   via: '1.1 varnish',
29 verbose headers   age: '0',
29 verbose headers   'x-served-by': 'cache-sn88-SIN',
29 verbose headers   'x-cache': 'MISS',
29 verbose headers   'x-cache-hits': '0',
29 verbose headers   'x-timer': 'S1428732450.456069,VS0,VE997',
29 verbose headers   'keep-alive': 'timeout=10, max=50',
29 verbose headers   connection: 'Keep-Alive' }
30 silly registry.get cb [ 404,
30 silly registry.get   { date: 'Sat, 11 Apr 2015 06:07:31 GMT',
30 silly registry.get     server: 'CouchDB/1.5.0 (Erlang OTP/R16B03)',
30 silly registry.get     'content-type': 'application/json',
30 silly registry.get     'cache-control': 'max-age=0',
30 silly registry.get     'content-length': '51',
30 silly registry.get     'accept-ranges': 'bytes',
30 silly registry.get     via: '1.1 varnish',
30 silly registry.get     age: '0',
30 silly registry.get     'x-served-by': 'cache-sn88-SIN',
30 silly registry.get     'x-cache': 'MISS',
30 silly registry.get     'x-cache-hits': '0',
30 silly registry.get     'x-timer': 'S1428732450.456069,VS0,VE997',
30 silly registry.get     'keep-alive': 'timeout=10, max=50',
30 silly registry.get     connection: 'Keep-Alive' } ]
31 silly lockFile 6c35f799-bodyparser bodyparser@
32 silly lockFile 6c35f799-bodyparser bodyparser@
33 error 404 404 Not Found: bodyparser
33 error 404
33 error 404 'bodyparser' is not in the npm registry.
33 error 404 You should bug the author to publish it
33 error 404 It was specified as a dependency of 'ScoreBoardApp'
33 error 404
33 error 404 Note that you can also install from a
33 error 404 tarball, folder, or http url, or git url.
34 error System Windows_NT 6.2.9200
35 error command "C:\\Program Files (x86)\\nodejs\\\\node.exe" "C:\\Program Files (x86)\\nodejs\\node_modules\\npm\\bin\\npm-cli.js" "install" "bodyparser" "--save"
36 error cwd F:\ScoreBoardApp
37 error node -v v0.10.35
38 error npm -v 1.4.28
39 error code E404
40 verbose exit [ 1, true ]
